
Started POST /posts for :: ::ffff:127.0.0.1 at Sat Dec 23 2023 07:57:51 GMT-0300 (hora de verano de Chile)
  Parameters in body: [object Object]
Started POST /posts for :: ::ffff:127.0.0.1 at Sat Dec 23 2023 07:57:54 GMT-0300 (hora de verano de Chile)
  Parameters in body: [object Object]
Started POST /posts for :: ::ffff:127.0.0.1 at Sat Dec 23 2023 07:58:01 GMT-0300 (hora de verano de Chile)
  Parameters in body: [object Object]
Started POST /posts for :: ::ffff:127.0.0.1 at Sat Dec 23 2023 07:58:03 GMT-0300 (hora de verano de Chile)
  Parameters in body: [object Object]
Started POST /posts for :: ::ffff:127.0.0.1 at Sat Dec 23 2023 07:58:08 GMT-0300 (hora de verano de Chile)
  Parameters in body: [object Object]
Started POST /posts for :: ::ffff:127.0.0.1 at Sat Dec 23 2023 07:58:11 GMT-0300 (hora de verano de Chile)
  Parameters in body: [object Object]
Completed: 201 message:  Time response: 998 ms Request ID: [c344668e-e774-40e7-bff3-de18191dde6c]

Started POST /posts for :: ::1 at Sat Dec 23 2023 08:00:21 GMT-0300 (hora de verano de Chile)
  Parameters in body: [object Object]
Completed: 500 message:  Time response: 22 ms Request ID: [9d96ad24-28a2-4c2f-a0a3-92202ee8716b]

Started GET /posts for :: ::1 at Sat Dec 23 2023 08:22:24 GMT-0300 (hora de verano de Chile)
  Parameters in body: [object Object]
Completed: 200 message:  Time response: 216 ms Request ID: [1547c772-dc0f-4fbc-b786-0bf2451cd995]

Started GET /posts for :: ::1 at Sat Dec 23 2023 08:22:28 GMT-0300 (hora de verano de Chile)
  Parameters in body: [object Object]
Completed: 304 message:  Time response: 7 ms Request ID: [7fca5faa-85d6-4167-9346-28712f17ee12]

Started GET /posts for :: ::1 at Sat Dec 23 2023 08:24:36 GMT-0300 (hora de verano de Chile)
  Parameters in body: [object Object]
Completed: 304 message:  Time response: 219 ms Request ID: [cde1ed11-7bc4-4704-b202-725c295f543c]

Started GET /posts for :: ::1 at Sat Dec 23 2023 08:25:36 GMT-0300 (hora de verano de Chile)
  Parameters in body: [object Object]
Completed: 304 message:  Time response: 248 ms Request ID: [fbfefb89-a3ec-4bc4-bdb2-e1e34cdb538c]

Started GET /posts for :: ::1 at Sat Dec 23 2023 08:25:39 GMT-0300 (hora de verano de Chile)
  Parameters in body: [object Object]
Completed: 304 message:  Time response: 20 ms Request ID: [660476af-20ad-429f-919e-fbc787ed7ce9]

Started GET /posts for :: ::1 at Sat Dec 23 2023 08:25:44 GMT-0300 (hora de verano de Chile)
  Parameters in body: [object Object]
Completed: 304 message:  Time response: 25 ms Request ID: [f3315fbc-5753-4202-ab2a-dfdfe4dbef72]

Started POST /posts for :: ::1 at Sat Dec 23 2023 08:25:52 GMT-0300 (hora de verano de Chile)
  Parameters in body: [object Object]
Completed: 500 message:  Time response: 18 ms Request ID: [48be9039-10a6-4bbb-bfc9-792c8a0bb7cf]

Started GET /posts for :: ::1 at Sat Dec 23 2023 08:26:21 GMT-0300 (hora de verano de Chile)
  Parameters in body: [object Object]
Completed: 304 message:  Time response: 323 ms Request ID: [5cfcf060-2f46-4c31-885a-88dfb2d6f6d7]

Started GET /posts for :: ::1 at Sat Dec 23 2023 10:29:08 GMT-0300 (hora de verano de Chile)
  Parameters in body: [object Object]
Completed: 304 message:  Time response: 662 ms Request ID: [3f0ee530-7591-4525-88ea-55e3caaa697b]

Started GET /posts for :: ::1 at Sat Dec 23 2023 10:29:09 GMT-0300 (hora de verano de Chile)
  Parameters in body: [object Object]
Completed: 304 message:  Time response: 13 ms Request ID: [a7e3b5c2-9763-4e63-9669-0c83e92ba3ee]

Started GET /post for :: ::1 at Sat Dec 23 2023 10:29:29 GMT-0300 (hora de verano de Chile)
  Parameters in body: [object Object]
Completed: 404 message:  Time response: 29 ms Request ID: [a0b3cdf8-a383-4cd1-b3e5-744d6aa64969]

Started POST /posts for :: ::1 at Sat Dec 23 2023 10:30:16 GMT-0300 (hora de verano de Chile)
  Parameters in body: [object Object]
Started POST /posts for :: ::1 at Sat Dec 23 2023 10:30:17 GMT-0300 (hora de verano de Chile)
  Parameters in body: [object Object]
Started GET / for :: ::1 at Sat Dec 23 2023 10:30:47 GMT-0300 (hora de verano de Chile)
  Parameters in body: [object Object]
Completed: 404 message:  Time response: 20 ms Request ID: [8d3d4344-629f-48de-a00a-92900aea7dce]

Started GET /post for :: ::1 at Sat Dec 23 2023 10:31:03 GMT-0300 (hora de verano de Chile)
  Parameters in body: [object Object]
Completed: 404 message:  Time response: 11 ms Request ID: [060f83d3-a06f-4cc6-a542-420fe6870675]

Started GET /posts for :: ::1 at Sat Dec 23 2023 10:31:45 GMT-0300 (hora de verano de Chile)
  Parameters in body: [object Object]
Completed: 304 message:  Time response: 344 ms Request ID: [c1b793ae-e6a2-4b57-9461-1ac7e4da0c2e]

Started GET /posts for :: ::ffff:127.0.0.1 at Sat Dec 23 2023 10:47:50 GMT-0300 (hora de verano de Chile)
  Parameters in body: [object Object]
Started GET /posts for :: ::ffff:127.0.0.1 at Sat Dec 23 2023 10:48:02 GMT-0300 (hora de verano de Chile)
  Parameters in body: [object Object]
Started GET /posts for :: ::ffff:127.0.0.1 at Sat Dec 23 2023 10:48:04 GMT-0300 (hora de verano de Chile)
  Parameters in body: [object Object]
Started GET /posts for :: ::ffff:127.0.0.1 at Sat Dec 23 2023 10:48:06 GMT-0300 (hora de verano de Chile)
  Parameters in body: [object Object]
Completed: 200 message:  Time response: 482 ms Request ID: [84bd1dfc-b4ab-4c4e-9ef7-b5048b779bb2]

Started POST /posts for :: ::ffff:127.0.0.1 at Sat Dec 23 2023 10:50:19 GMT-0300 (hora de verano de Chile)
  Parameters in body: [object Object]
Completed: 201 message:  Time response: 415 ms Request ID: [d2b01932-a7f6-45ac-a6b1-743fe358210e]

Started GET /posts for :: ::ffff:127.0.0.1 at Sat Dec 23 2023 10:50:36 GMT-0300 (hora de verano de Chile)
  Parameters in body: [object Object]
Completed: 200 message:  Time response: 267 ms Request ID: [c2585899-a6de-4760-a96e-7608d6795023]

Started GET /posts for :: ::1 at Sat Dec 23 2023 10:52:55 GMT-0300 (hora de verano de Chile)
  Parameters in body: [object Object]
Completed: 200 message:  Time response: 360 ms Request ID: [ef8ccd9a-1281-459b-9b98-5a134e5c8888]

Started GET /posts for :: ::1 at Sat Dec 23 2023 10:52:56 GMT-0300 (hora de verano de Chile)
  Parameters in body: [object Object]
Completed: 304 message:  Time response: 19 ms Request ID: [6550d6ea-8610-4f66-beb5-ebb47ce83726]

Started POST /posts for :: ::1 at Sat Dec 23 2023 10:54:05 GMT-0300 (hora de verano de Chile)
  Parameters in body: [object Object]
Completed: 500 message:  Time response: 55 ms Request ID: [6456cfaa-cfc3-4d0b-bdaa-432dcd9c1716]

Started POST /posts for :: ::1 at Sat Dec 23 2023 11:05:21 GMT-0300 (hora de verano de Chile)
  Parameters in body: [object Object]
Completed: 500 message:  Time response: 36 ms Request ID: [edf1c0b4-99f8-48bb-a2e4-0128f000898e]

Started GET /posts for :: ::1 at Sat Dec 23 2023 13:53:30 GMT-0300 (hora de verano de Chile)
  Parameters in body: [object Object]
Completed: 304 message:  Time response: 468 ms Request ID: [f443a345-9bc5-4650-ba7d-67d8629a04a0]

Started GET /posts for :: ::1 at Sat Dec 23 2023 13:53:30 GMT-0300 (hora de verano de Chile)
  Parameters in body: [object Object]
Completed: 304 message:  Time response: 10 ms Request ID: [5dc2439f-a500-459d-95c2-3d0b5b49a67f]

Started GET /posts for :: ::ffff:127.0.0.1 at Sat Dec 23 2023 13:54:44 GMT-0300 (hora de verano de Chile)
  Parameters in body: [object Object]
Completed: 200 message:  Time response: 255 ms Request ID: [136a2ed3-da3a-4c8a-be4c-4158deadc206]

Started POST /posts for :: ::1 at Sat Dec 23 2023 14:06:24 GMT-0300 (hora de verano de Chile)
  Parameters in body: [object Object]
Started POST /posts for :: ::ffff:127.0.0.1 at Sat Dec 23 2023 14:06:26 GMT-0300 (hora de verano de Chile)
  Parameters in body: [object Object]
Started GET /posts for :: ::ffff:127.0.0.1 at Sat Dec 23 2023 14:06:47 GMT-0300 (hora de verano de Chile)
  Parameters in body: [object Object]
Started GET /posts for :: ::ffff:127.0.0.1 at Sat Dec 23 2023 14:06:50 GMT-0300 (hora de verano de Chile)
  Parameters in body: [object Object]
Started GET /posts for :: ::ffff:127.0.0.1 at Sat Dec 23 2023 14:06:56 GMT-0300 (hora de verano de Chile)
  Parameters in body: [object Object]
Started GET /posts for :: ::ffff:127.0.0.1 at Sat Dec 23 2023 14:06:58 GMT-0300 (hora de verano de Chile)
  Parameters in body: [object Object]
Completed: 200 message:  Time response: 411 ms Request ID: [d8ec8e42-e169-47ae-9a41-5b9080b09314]

Started POST /posts for :: ::1 at Sat Dec 23 2023 14:07:42 GMT-0300 (hora de verano de Chile)
  Parameters in body: [object Object]
Completed: 500 message:  Time response: 46 ms Request ID: [1be3e42f-5e2a-4e71-ba5d-853384595eba]

Started POST /posts for :: ::ffff:127.0.0.1 at Sat Dec 23 2023 14:13:47 GMT-0300 (hora de verano de Chile)
  Parameters in body: [object Object]
Completed: 201 message:  Time response: 552 ms Request ID: [a182081b-84f6-4085-affa-a59478b97da3]

Started POST /posts for :: ::ffff:127.0.0.1 at Sat Dec 23 2023 14:15:12 GMT-0300 (hora de verano de Chile)
  Parameters in body: [object Object]
Completed: 500 message:  Time response: 172 ms Request ID: [f8388c9b-a0a0-4cd6-b382-908486f290f7]

Started POST /posts for :: ::ffff:127.0.0.1 at Sat Dec 23 2023 14:15:18 GMT-0300 (hora de verano de Chile)
  Parameters in body: [object Object]
Completed: 500 message:  Time response: 32 ms Request ID: [9b5837d9-daf4-4955-8fb5-fe56e6fc9d8f]

Started POST /posts for :: ::ffff:127.0.0.1 at Sat Dec 23 2023 14:22:33 GMT-0300 (hora de verano de Chile)
  Parameters in body: [object Object]
Completed: 500 message:  Time response: 172 ms Request ID: [bb8262cd-68c3-4b0f-835e-e482b45583e7]

Started POST /posts for :: ::ffff:127.0.0.1 at Sat Dec 23 2023 14:22:34 GMT-0300 (hora de verano de Chile)
  Parameters in body: [object Object]
Completed: 500 message:  Time response: 22 ms Request ID: [155431ee-f8b8-4b50-8cd7-415865d4c458]

Started POST /posts for :: ::ffff:127.0.0.1 at Sat Dec 23 2023 14:23:38 GMT-0300 (hora de verano de Chile)
  Parameters in body: [object Object]
Completed: 500 message:  Time response: 142 ms Request ID: [c973cb3c-8222-4f44-b0cd-4e18e705bbd1]

Started POST /posts for :: ::ffff:127.0.0.1 at Sat Dec 23 2023 14:23:39 GMT-0300 (hora de verano de Chile)
  Parameters in body: [object Object]
Completed: 500 message:  Time response: 29 ms Request ID: [cdfd45e5-5698-4cd0-9519-c84e65874a72]

Started POST /posts for :: ::ffff:127.0.0.1 at Sat Dec 23 2023 14:23:45 GMT-0300 (hora de verano de Chile)
  Parameters in body: [object Object]
Completed: 500 message:  Time response: 33 ms Request ID: [e23c6698-3329-458f-8ffa-a0a6df418c88]

Started POST /posts for :: ::ffff:127.0.0.1 at Sat Dec 23 2023 14:26:37 GMT-0300 (hora de verano de Chile)
  Parameters in body: [object Object]
Completed: 201 message:  Time response: 394 ms Request ID: [6a7050a9-8ea1-4ba6-8456-0f5e8b3b65b3]

Started POST /posts for :: ::1 at Sat Dec 23 2023 14:27:07 GMT-0300 (hora de verano de Chile)
  Parameters in body: [object Object]
Completed: 500 message:  Time response: 23 ms Request ID: [54113dd1-89f4-4a58-ad45-aea9fc2a2613]

Started POST /posts for :: ::1 at Sat Dec 23 2023 14:31:32 GMT-0300 (hora de verano de Chile)
  Parameters in body: [object Object]
Completed: 400 message:  Time response: 139 ms Request ID: [ad56b8ed-618c-4145-b859-5ebddc8e68c6]

Started GET /posts for :: ::1 at Sat Dec 23 2023 14:38:09 GMT-0300 (hora de verano de Chile)
  Parameters in body: [object Object]
Completed: 200 message:  Time response: 2701 ms Request ID: [812497af-4492-46d2-a906-09f1fee40649]

Started GET /posts for :: ::1 at Sat Dec 23 2023 14:38:12 GMT-0300 (hora de verano de Chile)
  Parameters in body: [object Object]
Completed: 304 message:  Time response: 149 ms Request ID: [9dd2c0a2-19a8-44ac-9c1b-dc649d3dea88]

Started GET /posts for :: ::1 at Sat Dec 23 2023 14:39:46 GMT-0300 (hora de verano de Chile)
  Parameters in body: [object Object]
Completed: 304 message:  Time response: 342 ms Request ID: [f7f13c69-8a44-4649-8910-915e44e56bb5]

Started GET /posts for :: ::1 at Sat Dec 23 2023 14:40:15 GMT-0300 (hora de verano de Chile)
  Parameters in body: [object Object]
Completed: 304 message:  Time response: 401 ms Request ID: [48a447f4-4418-4cc0-8ab8-56752a6a275a]

Started GET /posts for :: ::1 at Sat Dec 23 2023 14:40:41 GMT-0300 (hora de verano de Chile)
  Parameters in body: [object Object]
Completed: 304 message:  Time response: 373 ms Request ID: [b88b21dd-cb5b-4cb5-8cd9-d5b56b10603d]

Started GET /posts for :: ::1 at Sat Dec 23 2023 14:41:12 GMT-0300 (hora de verano de Chile)
  Parameters in body: [object Object]
Completed: 304 message:  Time response: 2042 ms Request ID: [d8db894a-0758-4e55-9512-529f481f3f15]

Started GET /posts for :: ::1 at Sat Dec 23 2023 14:41:15 GMT-0300 (hora de verano de Chile)
  Parameters in body: [object Object]
Completed: 304 message:  Time response: 149 ms Request ID: [971b21f9-0eb8-4643-af04-a769a91500ef]

Started GET /posts for :: ::1 at Sat Dec 23 2023 14:42:42 GMT-0300 (hora de verano de Chile)
  Parameters in body: [object Object]
Completed: 304 message:  Time response: 765 ms Request ID: [d1d1952d-6d02-4cd6-bdf1-73824807809b]

Started GET /posts for :: ::1 at Sat Dec 23 2023 14:42:47 GMT-0300 (hora de verano de Chile)
  Parameters in body: [object Object]
Completed: 304 message:  Time response: 18 ms Request ID: [3c090146-a83d-4ed5-966c-b95d15dd889c]

Started GET /posts for :: ::1 at Sat Dec 23 2023 14:42:48 GMT-0300 (hora de verano de Chile)
  Parameters in body: [object Object]
Completed: 304 message:  Time response: 20 ms Request ID: [e32cc482-3417-4068-9c6c-82d7910f64c3]

Started GET /posts for :: ::1 at Sat Dec 23 2023 14:43:22 GMT-0300 (hora de verano de Chile)
  Parameters in body: [object Object]
Completed: 304 message:  Time response: 1192 ms Request ID: [77ed8ecc-467f-4232-adb6-7624e5be65ce]

Started GET /posts for :: ::1 at Sat Dec 23 2023 14:44:27 GMT-0300 (hora de verano de Chile)
  Parameters in body: [object Object]
Completed: 304 message:  Time response: 1594 ms Request ID: [031f0f60-cb91-4069-bd75-e47a4037d9bf]

Started GET /posts for :: ::1 at Sat Dec 23 2023 14:44:33 GMT-0300 (hora de verano de Chile)
  Parameters in body: [object Object]
Completed: 304 message:  Time response: 10 ms Request ID: [3d27f336-53d8-4c55-82b7-341650fa5f64]

Started GET /posts for :: ::1 at Sat Dec 23 2023 14:44:33 GMT-0300 (hora de verano de Chile)
  Parameters in body: [object Object]
Completed: 304 message:  Time response: 33 ms Request ID: [153abce2-9e2e-451a-aead-3b39b8db8ee6]

Started GET /posts for :: ::1 at Sat Dec 23 2023 14:45:14 GMT-0300 (hora de verano de Chile)
  Parameters in body: [object Object]
Completed: 304 message:  Time response: 2415 ms Request ID: [603cac52-3341-4660-9496-3a9a5cd021fc]

Started GET /posts for :: ::1 at Sat Dec 23 2023 14:45:21 GMT-0300 (hora de verano de Chile)
  Parameters in body: [object Object]
Completed: 304 message:  Time response: 15 ms Request ID: [d9fba0ea-24c9-483f-be68-36c94cb2d124]

Started GET /posts for :: ::1 at Sat Dec 23 2023 14:45:21 GMT-0300 (hora de verano de Chile)
  Parameters in body: [object Object]
Completed: 304 message:  Time response: 14 ms Request ID: [fe278f1a-0117-4347-beeb-c87abc34dd0b]

Started GET /posts for :: ::1 at Sat Dec 23 2023 14:47:57 GMT-0300 (hora de verano de Chile)
  Parameters in body: [object Object]
Completed: 304 message:  Time response: 1570 ms Request ID: [2db6244a-355f-45e6-a16c-08d8cf29df76]

Started GET /posts for :: ::1 at Sat Dec 23 2023 14:48:04 GMT-0300 (hora de verano de Chile)
  Parameters in body: [object Object]
Completed: 304 message:  Time response: 10 ms Request ID: [b2bad5a6-afec-41c4-9b21-eace6cd8fff8]

Started GET /posts for :: ::1 at Sat Dec 23 2023 14:48:04 GMT-0300 (hora de verano de Chile)
  Parameters in body: [object Object]
Completed: 304 message:  Time response: 19 ms Request ID: [08988b33-3880-4e46-b1d5-335cf9f13f83]

Started GET /posts for :: ::1 at Sat Dec 23 2023 14:50:51 GMT-0300 (hora de verano de Chile)
  Parameters in body: [object Object]
Completed: 304 message:  Time response: 2141 ms Request ID: [c3556c1b-d84e-4737-801b-f72cf608fa65]

Started GET /posts for :: ::1 at Sat Dec 23 2023 14:51:00 GMT-0300 (hora de verano de Chile)
  Parameters in body: [object Object]
Completed: 304 message:  Time response: 15 ms Request ID: [3098769b-7f65-4ee4-9031-1288c21fec80]

Started GET /posts for :: ::1 at Sat Dec 23 2023 14:51:01 GMT-0300 (hora de verano de Chile)
  Parameters in body: [object Object]
Completed: 304 message:  Time response: 22 ms Request ID: [65382631-4a52-4839-99e0-a50b542c0e82]

Started GET /posts for :: ::1 at Sat Dec 23 2023 14:53:46 GMT-0300 (hora de verano de Chile)
  Parameters in body: [object Object]
Completed: 304 message:  Time response: 2677 ms Request ID: [2b3c7249-db20-481b-8829-f9db01711080]

Started GET /posts for :: ::1 at Sat Dec 23 2023 14:53:49 GMT-0300 (hora de verano de Chile)
  Parameters in body: [object Object]
Completed: 304 message:  Time response: 78 ms Request ID: [79f4d756-29d8-4b40-8485-066794a0810f]

Started GET /posts for :: ::1 at Sat Dec 23 2023 14:53:54 GMT-0300 (hora de verano de Chile)
  Parameters in body: [object Object]
Completed: 304 message:  Time response: 17 ms Request ID: [494877b9-e977-4476-a74a-6ff33139d027]

Started GET /posts for :: ::1 at Sat Dec 23 2023 14:53:54 GMT-0300 (hora de verano de Chile)
  Parameters in body: [object Object]
Completed: 304 message:  Time response: 13 ms Request ID: [8c8c1d4b-4000-4a35-8d63-da553de5ef1e]

Started GET /posts for :: ::1 at Sat Dec 23 2023 14:54:48 GMT-0300 (hora de verano de Chile)
  Parameters in body: [object Object]
Completed: 304 message:  Time response: 536 ms Request ID: [6730e23a-348b-4886-bd3e-1c0c2763b408]

Started GET /posts for :: ::1 at Sat Dec 23 2023 14:54:55 GMT-0300 (hora de verano de Chile)
  Parameters in body: [object Object]
Completed: 304 message:  Time response: 14 ms Request ID: [5d321dee-51c4-4a7f-a9f5-d5996f7eee70]

Started GET /posts for :: ::1 at Sat Dec 23 2023 14:55:31 GMT-0300 (hora de verano de Chile)
  Parameters in body: [object Object]
Completed: 304 message:  Time response: 744 ms Request ID: [4d30ae5c-3787-42ce-ab84-521f33251be8]

Started GET /posts for :: ::1 at Sat Dec 23 2023 14:55:32 GMT-0300 (hora de verano de Chile)
  Parameters in body: [object Object]
Completed: 304 message:  Time response: 19 ms Request ID: [9dbfbeae-9d67-4909-b0d4-75cbfc9bc23d]

Started GET /posts for :: ::1 at Sat Dec 23 2023 14:55:51 GMT-0300 (hora de verano de Chile)
  Parameters in body: [object Object]
Completed: 304 message:  Time response: 1739 ms Request ID: [c381ecd2-0f92-441b-8784-d3ec00c094d2]

Started GET /posts for :: ::1 at Sat Dec 23 2023 14:55:53 GMT-0300 (hora de verano de Chile)
  Parameters in body: [object Object]
Completed: 304 message:  Time response: 16 ms Request ID: [35d75c91-8343-4f28-8548-4cd2f54132e5]

Started GET /posts for :: ::1 at Sat Dec 23 2023 15:00:21 GMT-0300 (hora de verano de Chile)
  Parameters in body: [object Object]
Started GET /posts for :: ::1 at Sat Dec 23 2023 15:00:27 GMT-0300 (hora de verano de Chile)
  Parameters in body: [object Object]
Completed: 200 message:  Time response: 24 ms Request ID: [ece05a2e-a03f-4c44-97e4-c2445df3961a]

Started GET /posts for :: ::1 at Sat Dec 23 2023 15:00:28 GMT-0300 (hora de verano de Chile)
  Parameters in body: [object Object]
Completed: 304 message:  Time response: 10 ms Request ID: [ff52b126-9b04-46af-a261-aba7102ac73c]

Started GET /posts for :: ::1 at Sat Dec 23 2023 15:06:24 GMT-0300 (hora de verano de Chile)
  Parameters in body: [object Object]
Completed: 304 message:  Time response: 375 ms Request ID: [76bdeefe-d576-449b-bb09-ed123d4eab50]

Started GET /posts for :: ::1 at Sat Dec 23 2023 15:06:25 GMT-0300 (hora de verano de Chile)
  Parameters in body: [object Object]
Completed: 304 message:  Time response: 11 ms Request ID: [68d78c12-c11c-4cdf-9162-27da1d7c67f8]

Started POST /posts for :: ::1 at Sat Dec 23 2023 15:08:21 GMT-0300 (hora de verano de Chile)
  Parameters in body: [object Object]
Started GET /posts for :: ::1 at Sat Dec 23 2023 15:13:10 GMT-0300 (hora de verano de Chile)
  Parameters in body: [object Object]
Completed: 200 message:  Time response: 476 ms Request ID: [33744cf0-6383-49bb-be19-2847c9df986e]

Started POST /posts for :: ::1 at Sat Dec 23 2023 15:13:36 GMT-0300 (hora de verano de Chile)
  Parameters in body: [object Object]
Started POST /posts for :: ::1 at Sat Dec 23 2023 15:13:38 GMT-0300 (hora de verano de Chile)
  Parameters in body: [object Object]
Started GET /posts for :: ::1 at Sat Dec 23 2023 15:17:16 GMT-0300 (hora de verano de Chile)
  Parameters in body: [object Object]
Completed: 304 message:  Time response: 471 ms Request ID: [54ca7995-da90-45a9-9cd3-d4672d83034f]

Started GET /posts for :: ::1 at Sat Dec 23 2023 15:17:33 GMT-0300 (hora de verano de Chile)
  Parameters in body: [object Object]
Completed: 304 message:  Time response: 1414 ms Request ID: [176824bc-6e02-42d6-987e-ae6818d5ee8b]

Started GET /posts for :: ::1 at Sat Dec 23 2023 15:17:35 GMT-0300 (hora de verano de Chile)
  Parameters in body: [object Object]
Completed: 304 message:  Time response: 106 ms Request ID: [dcb9b05d-2357-4ca1-bf57-6ffb105de9bd]

Started POST /posts for :: ::1 at Sat Dec 23 2023 15:18:16 GMT-0300 (hora de verano de Chile)
  Parameters in body: [object Object]
Started POST /posts for :: ::1 at Sat Dec 23 2023 15:18:19 GMT-0300 (hora de verano de Chile)
  Parameters in body: [object Object]
Started POST /posts for :: ::1 at Sat Dec 23 2023 15:20:38 GMT-0300 (hora de verano de Chile)
  Parameters in body: [object Object]
Completed: 201 message:  Time response: 669 ms Request ID: [30542e02-c486-43f6-9d1a-d6579e10d593]

Started GET /posts for :: ::1 at Sat Dec 23 2023 15:20:39 GMT-0300 (hora de verano de Chile)
  Parameters in body: [object Object]
Completed: 200 message:  Time response: 424 ms Request ID: [805b39dc-2373-4c02-ad71-7d6be926cbd5]

Started GET /posts for :: ::ffff:127.0.0.1 at Sat Dec 23 2023 15:21:29 GMT-0300 (hora de verano de Chile)
  Parameters in body: [object Object]
Completed: 200 message:  Time response: 495 ms Request ID: [1928bee0-e859-487b-a33a-3fb45e7f00ae]

Started POST /posts for :: ::1 at Sat Dec 23 2023 15:22:29 GMT-0300 (hora de verano de Chile)
  Parameters in body: [object Object]
Completed: 201 message:  Time response: 195 ms Request ID: [65ad3ced-6208-41a3-8f7f-6c49523f2755]

Started GET /posts for :: ::1 at Sat Dec 23 2023 15:22:29 GMT-0300 (hora de verano de Chile)
  Parameters in body: [object Object]
Completed: 200 message:  Time response: 187 ms Request ID: [58d14d1b-c6c6-49b5-9f21-8a904c799c2c]

Started POST /posts for :: ::ffff:127.0.0.1 at Sat Dec 23 2023 15:54:03 GMT-0300 (hora de verano de Chile)
  Parameters in body: [object Object]
Completed: 201 message:  Time response: 438 ms Request ID: [d4cd65af-cba0-4592-bbce-d0617fd7d11a]

Started POST /posts for :: ::ffff:127.0.0.1 at Sat Dec 23 2023 15:54:06 GMT-0300 (hora de verano de Chile)
  Parameters in body: [object Object]
Completed: 201 message:  Time response: 284 ms Request ID: [104d54e9-7ce2-41a1-bb84-501430fda540]

Started POST /posts for :: ::ffff:127.0.0.1 at Sat Dec 23 2023 15:54:15 GMT-0300 (hora de verano de Chile)
  Parameters in body: [object Object]
Completed: 201 message:  Time response: 412 ms Request ID: [61adab82-5e69-44e9-963e-cb40e375013a]

Started POST /posts for :: ::ffff:127.0.0.1 at Sat Dec 23 2023 15:55:19 GMT-0300 (hora de verano de Chile)
  Parameters in body: [object Object]
Completed: 201 message:  Time response: 592 ms Request ID: [f2a8189d-2006-486a-895b-16c622e20994]

Started POST /posts for :: ::ffff:127.0.0.1 at Sat Dec 23 2023 15:55:22 GMT-0300 (hora de verano de Chile)
  Parameters in body: [object Object]
Completed: 201 message:  Time response: 403 ms Request ID: [8a7a23f1-4529-4c6a-913a-34abacb7c95b]

Started POST /posts for :: ::ffff:127.0.0.1 at Sat Dec 23 2023 16:02:19 GMT-0300 (hora de verano de Chile)
  Parameters in body: [object Object]
Completed: 400 message:  Time response: 17 ms Request ID: [19f142ad-1edb-4ed9-a418-ae7b020c764c]

Started GET /posts for :: ::1 at Sat Dec 23 2023 16:08:53 GMT-0300 (hora de verano de Chile)
  Parameters in body: [object Object]
Completed: 304 message:  Time response: 579 ms Request ID: [4e1ac516-29eb-4f62-987e-6ab0a1ebdd6f]

Started GET /posts for :: ::1 at Sat Dec 23 2023 16:08:53 GMT-0300 (hora de verano de Chile)
  Parameters in body: [object Object]
Completed: 304 message:  Time response: 34 ms Request ID: [34720960-f74e-4192-b326-21e7c4e706e5]

Started GET /posts for :: ::1 at Sat Dec 23 2023 16:08:57 GMT-0300 (hora de verano de Chile)
  Parameters in body: [object Object]
Completed: 304 message:  Time response: 18 ms Request ID: [4b823b69-69fa-4a55-842e-a20c94b62761]

Started GET /posts for :: ::1 at Sat Dec 23 2023 16:09:00 GMT-0300 (hora de verano de Chile)
  Parameters in body: [object Object]
Completed: 304 message:  Time response: 27 ms Request ID: [9653d447-bee5-48ce-9bda-545c22df19ea]

Started GET /posts for :: ::1 at Sat Dec 23 2023 16:09:24 GMT-0300 (hora de verano de Chile)
  Parameters in body: [object Object]
Completed: 304 message:  Time response: 1511 ms Request ID: [e79e4c73-2391-40ea-b09c-c9cc70e54901]

Started GET /posts for :: ::ffff:127.0.0.1 at Sat Dec 23 2023 16:34:40 GMT-0300 (hora de verano de Chile)
  Parameters in body: [object Object]
Started GET /posts for :: ::ffff:127.0.0.1 at Sat Dec 23 2023 16:34:43 GMT-0300 (hora de verano de Chile)
  Parameters in body: [object Object]
Started GET /posts for :: ::ffff:127.0.0.1 at Sat Dec 23 2023 16:35:03 GMT-0300 (hora de verano de Chile)
  Parameters in body: [object Object]
Started GET /posts for :: ::ffff:127.0.0.1 at Sat Dec 23 2023 16:35:07 GMT-0300 (hora de verano de Chile)
  Parameters in body: [object Object]
Completed: 200 message:  Time response: 1278 ms Request ID: [51c53c64-d7ce-4939-bc8f-0ea114144bd2]

Started POST /posts for :: ::ffff:127.0.0.1 at Sat Dec 23 2023 16:35:59 GMT-0300 (hora de verano de Chile)
  Parameters in body: [object Object]
Completed: 201 message:  Time response: 637 ms Request ID: [ea4d417e-181b-4a86-8c0c-459c42090cce]

Started POST /posts for :: ::ffff:127.0.0.1 at Sat Dec 23 2023 16:37:12 GMT-0300 (hora de verano de Chile)
  Parameters in body: [object Object]
Completed: 201 message:  Time response: 1333 ms Request ID: [e6177ac3-7b9b-4bf3-9cca-10b115ab2083]

Started GET /posts for :: ::1 at Sat Dec 23 2023 16:38:06 GMT-0300 (hora de verano de Chile)
  Parameters in body: [object Object]
Completed: 200 message:  Time response: 3530 ms Request ID: [8814a216-e3dc-43e5-978d-49499a1714c7]

Started GET /posts for :: ::1 at Sat Dec 23 2023 16:38:09 GMT-0300 (hora de verano de Chile)
  Parameters in body: [object Object]
Completed: 304 message:  Time response: 38 ms Request ID: [c0f43be0-cdad-450f-b6be-6a2afdb36b3f]

Started POST /posts for :: ::1 at Sat Dec 23 2023 16:39:36 GMT-0300 (hora de verano de Chile)
  Parameters in body: [object Object]
Completed: 201 message:  Time response: 646 ms Request ID: [6ff86a48-686d-4b7c-9b52-e7ec2d441356]

Started GET /posts for :: ::1 at Sat Dec 23 2023 16:39:37 GMT-0300 (hora de verano de Chile)
  Parameters in body: [object Object]
Completed: 200 message:  Time response: 673 ms Request ID: [2d0a366e-5ecd-4505-8e4c-ce3c924c1dc6]

Started POST /posts for :: ::1 at Sat Dec 23 2023 16:39:53 GMT-0300 (hora de verano de Chile)
  Parameters in body: [object Object]
Completed: 201 message:  Time response: 1069 ms Request ID: [8f33312a-27b0-46a6-8831-a6ef422f4240]

Started GET /posts for :: ::1 at Sat Dec 23 2023 16:39:54 GMT-0300 (hora de verano de Chile)
  Parameters in body: [object Object]
Completed: 200 message:  Time response: 828 ms Request ID: [18144bf6-06c7-4e67-99c1-b1a08cc5675d]

Started POST /posts for :: ::1 at Sat Dec 23 2023 16:39:55 GMT-0300 (hora de verano de Chile)
  Parameters in body: [object Object]
Completed: 201 message:  Time response: 94 ms Request ID: [833cafdb-a00d-463f-9d40-bc9b09d5552d]

Started POST /posts for :: ::1 at Sat Dec 23 2023 16:39:56 GMT-0300 (hora de verano de Chile)
  Parameters in body: [object Object]
Started GET /posts for :: ::1 at Sat Dec 23 2023 16:39:56 GMT-0300 (hora de verano de Chile)
  Parameters in body: [object Object]
Completed: 201 message:  Time response: 993 ms Request ID: [1d8899c8-4e72-4c1c-994b-85cd70d41d95]

Started GET /posts for :: ::1 at Sat Dec 23 2023 16:39:57 GMT-0300 (hora de verano de Chile)
  Parameters in body: [object Object]
Completed: 200 message:  Time response: 1672 ms Request ID: [7e8d6c62-10fd-4d4b-a5b8-88b8a8eab943]

Completed: 200 message:  Time response: 1166 ms Request ID: [b94dffbe-07e7-46f9-9222-891ef001925f]

Started POST /posts for :: ::ffff:127.0.0.1 at Sat Dec 23 2023 16:50:38 GMT-0300 (hora de verano de Chile)
  Parameters in body: [object Object]
Completed: 201 message:  Time response: 865 ms Request ID: [38011be1-31ff-4e2d-ba5e-eb34512a95ab]

Started POST /posts for :: ::ffff:127.0.0.1 at Sat Dec 23 2023 16:50:44 GMT-0300 (hora de verano de Chile)
  Parameters in body: [object Object]
Completed: 201 message:  Time response: 433 ms Request ID: [375aca87-c1ac-4be7-98cc-ec6c99de9826]

Started GET /posts for :: ::ffff:127.0.0.1 at Sat Dec 23 2023 16:52:10 GMT-0300 (hora de verano de Chile)
  Parameters in body: [object Object]
Completed: 200 message:  Time response: 399 ms Request ID: [36fdf88b-0bd3-492a-adce-e04966151f2d]

Started POST /posts for :: ::ffff:127.0.0.1 at Sat Dec 23 2023 16:52:34 GMT-0300 (hora de verano de Chile)
  Parameters in body: [object Object]
Completed: 201 message:  Time response: 353 ms Request ID: [5d5f7af6-197b-4652-957a-fe9a7133e7a7]

Started POST /posts for :: ::ffff:127.0.0.1 at Sat Dec 23 2023 16:53:44 GMT-0300 (hora de verano de Chile)
  Parameters in body: [object Object]
Completed: 201 message:  Time response: 487 ms Request ID: [e3a082f7-b802-44dc-b6e7-c60273efe092]

Started POST /posts for :: ::1 at Sat Dec 23 2023 16:54:36 GMT-0300 (hora de verano de Chile)
  Parameters in body: [object Object]
Completed: 201 message:  Time response: 243 ms Request ID: [3b528904-43a3-4855-a693-280cedeae569]

Started GET /posts for :: ::1 at Sat Dec 23 2023 16:54:36 GMT-0300 (hora de verano de Chile)
  Parameters in body: [object Object]
Completed: 200 message:  Time response: 200 ms Request ID: [82b2b05a-6eb1-4e56-8adc-e0225f94a6b7]

Started POST /posts for :: ::1 at Sat Dec 23 2023 16:54:38 GMT-0300 (hora de verano de Chile)
  Parameters in body: [object Object]
Completed: 201 message:  Time response: 46 ms Request ID: [6cf91da1-9794-4626-83e9-27171f41e60b]

Started GET /posts for :: ::1 at Sat Dec 23 2023 16:54:38 GMT-0300 (hora de verano de Chile)
  Parameters in body: [object Object]
Completed: 200 message:  Time response: 230 ms Request ID: [97e2d57e-7b38-45dc-8931-9f989e8a3bca]

Started POST /posts for :: ::1 at Sat Dec 23 2023 16:54:39 GMT-0300 (hora de verano de Chile)
  Parameters in body: [object Object]
Completed: 201 message:  Time response: 49 ms Request ID: [5f0fa940-c098-40b2-acf8-a12dda43f31d]

Started GET /posts for :: ::1 at Sat Dec 23 2023 16:54:39 GMT-0300 (hora de verano de Chile)
  Parameters in body: [object Object]
Completed: 200 message:  Time response: 286 ms Request ID: [6dd87449-d929-4f6f-bf24-364fda4bbd88]

Started GET /posts for :: ::1 at Sat Dec 23 2023 16:54:43 GMT-0300 (hora de verano de Chile)
  Parameters in body: [object Object]
Completed: 304 message:  Time response: 35 ms Request ID: [73bd6202-c504-4b44-b7ad-4accddbb529a]

Started GET /posts for :: ::1 at Sat Dec 23 2023 16:54:43 GMT-0300 (hora de verano de Chile)
  Parameters in body: [object Object]
Completed: 304 message:  Time response: 11 ms Request ID: [235540e6-5ef4-490b-b10e-3942d1da8349]

Started POST /posts for :: ::1 at Sat Dec 23 2023 16:56:01 GMT-0300 (hora de verano de Chile)
  Parameters in body: [object Object]
Completed: 201 message:  Time response: 212 ms Request ID: [cc5c6a5d-e4c5-406d-a0e4-052087fd43ed]

Started GET /posts for :: ::1 at Sat Dec 23 2023 16:56:02 GMT-0300 (hora de verano de Chile)
  Parameters in body: [object Object]
Completed: 200 message:  Time response: 22 ms Request ID: [dc512a7f-0374-4975-8b9c-6dad3ca2913c]

Started POST /posts for :: ::1 at Sat Dec 23 2023 16:57:17 GMT-0300 (hora de verano de Chile)
  Parameters in body: [object Object]
Completed: 201 message:  Time response: 271 ms Request ID: [ee8a26c3-c1c8-4671-8377-819e5a6b8d2b]

Started GET /posts for :: ::1 at Sat Dec 23 2023 16:57:18 GMT-0300 (hora de verano de Chile)
  Parameters in body: [object Object]
Completed: 200 message:  Time response: 188 ms Request ID: [821b97aa-6e27-491b-aa72-43b8442b3e80]

Started POST /posts for :: ::1 at Sat Dec 23 2023 16:58:24 GMT-0300 (hora de verano de Chile)
  Parameters in body: [object Object]
Completed: 201 message:  Time response: 181 ms Request ID: [0d459b15-886d-40c0-a16c-00be60f3d071]

Started GET /posts for :: ::1 at Sat Dec 23 2023 16:58:24 GMT-0300 (hora de verano de Chile)
  Parameters in body: [object Object]
Completed: 200 message:  Time response: 19 ms Request ID: [7eb5b758-89d2-4125-ac50-587df1488df6]

Started POST /posts for :: ::1 at Sat Dec 23 2023 17:00:12 GMT-0300 (hora de verano de Chile)
  Parameters in body: [object Object]
Completed: 201 message:  Time response: 234 ms Request ID: [1b5946e3-ac7e-4142-b223-0160b89673b6]

Started GET /posts for :: ::1 at Sat Dec 23 2023 17:00:12 GMT-0300 (hora de verano de Chile)
  Parameters in body: [object Object]
Completed: 200 message:  Time response: 171 ms Request ID: [2c601b70-aca3-4e66-9708-f28d9a3ff450]

Started POST /posts for :: ::1 at Sat Dec 23 2023 17:00:20 GMT-0300 (hora de verano de Chile)
  Parameters in body: [object Object]
Completed: 201 message:  Time response: 54 ms Request ID: [da33b355-0522-47ed-8505-10ae7babf853]

Started GET /posts for :: ::1 at Sat Dec 23 2023 17:00:20 GMT-0300 (hora de verano de Chile)
  Parameters in body: [object Object]
Completed: 200 message:  Time response: 276 ms Request ID: [d4b1ae00-2513-4a64-a30a-1c7c14d40a74]

Started POST /posts for :: ::1 at Sat Dec 23 2023 17:00:52 GMT-0300 (hora de verano de Chile)
  Parameters in body: [object Object]
Completed: 201 message:  Time response: 248 ms Request ID: [9fd32e4e-9d42-4abe-b60b-972d915b91eb]

Started GET /posts for :: ::1 at Sat Dec 23 2023 17:00:52 GMT-0300 (hora de verano de Chile)
  Parameters in body: [object Object]
Completed: 200 message:  Time response: 14 ms Request ID: [002b57d8-bacc-4300-b07b-10216db71e1f]

Started GET /posts for :: ::ffff:127.0.0.1 at Sat Dec 23 2023 17:01:20 GMT-0300 (hora de verano de Chile)
  Parameters in body: [object Object]
Completed: 200 message:  Time response: 248 ms Request ID: [055e3342-3769-4072-9b9d-8881a07fdca2]

Started POST /posts for :: ::ffff:127.0.0.1 at Sat Dec 23 2023 17:01:56 GMT-0300 (hora de verano de Chile)
  Parameters in body: [object Object]
Completed: 201 message:  Time response: 322 ms Request ID: [4d505b18-9a34-48d2-97ee-0857bf41de88]

Started GET /posts for :: ::ffff:127.0.0.1 at Sat Dec 23 2023 17:02:09 GMT-0300 (hora de verano de Chile)
  Parameters in body: [object Object]
Completed: 200 message:  Time response: 348 ms Request ID: [52958f91-c974-48bd-8500-bb7aadc33ef3]

Started GET /posts for :: ::1 at Sat Dec 23 2023 17:09:46 GMT-0300 (hora de verano de Chile)
  Parameters in body: [object Object]
Completed: 200 message:  Time response: 581 ms Request ID: [85ff58ac-5607-40f7-83de-28f0ff8677b9]

Started GET /posts for :: ::1 at Sat Dec 23 2023 17:09:46 GMT-0300 (hora de verano de Chile)
  Parameters in body: [object Object]
Completed: 304 message:  Time response: 12 ms Request ID: [aeae0884-8100-4cf9-8f8f-7c792dd005d2]

Started POST /posts for :: ::ffff:127.0.0.1 at Sat Dec 23 2023 17:11:21 GMT-0300 (hora de verano de Chile)
  Parameters in body: [object Object]
Completed: 201 message:  Time response: 290 ms Request ID: [a5a71ca7-7201-40f5-8d41-bcc0f1923e92]

Started POST /posts for :: ::1 at Sat Dec 23 2023 17:14:46 GMT-0300 (hora de verano de Chile)
  Parameters in body: [object Object]
Completed: 201 message:  Time response: 207 ms Request ID: [73f791fc-c49f-43e1-acd3-a13053612861]

Started GET /posts for :: ::1 at Sat Dec 23 2023 17:14:46 GMT-0300 (hora de verano de Chile)
  Parameters in body: [object Object]
Completed: 200 message:  Time response: 12 ms Request ID: [2f272ff8-729e-4c33-98f7-e5aa28ca5e6b]

Started GET /posts for :: ::ffff:127.0.0.1 at Sat Dec 23 2023 17:18:58 GMT-0300 (hora de verano de Chile)
  Parameters in body: [object Object]
Completed: 200 message:  Time response: 449 ms Request ID: [d807b76a-84c0-4d5e-ae91-ffed520f07b8]

Started GET /posts for :: ::1 at Sat Dec 23 2023 17:19:12 GMT-0300 (hora de verano de Chile)
  Parameters in body: [object Object]
Completed: 304 message:  Time response: 648 ms Request ID: [17cae3ec-fdd1-4e6e-b22d-e247224f3f5f]

Started GET /posts for :: ::1 at Sat Dec 23 2023 17:19:12 GMT-0300 (hora de verano de Chile)
  Parameters in body: [object Object]
Completed: 304 message:  Time response: 40 ms Request ID: [aae8abcd-bf49-410d-95ad-b767d9b011c4]

Started GET /posts for :: ::1 at Sat Dec 23 2023 17:19:36 GMT-0300 (hora de verano de Chile)
  Parameters in body: [object Object]
Completed: 304 message:  Time response: 670 ms Request ID: [507390f2-ae91-4482-a31d-997697976064]

Started GET /posts for :: ::1 at Sat Dec 23 2023 17:19:36 GMT-0300 (hora de verano de Chile)
  Parameters in body: [object Object]
Completed: 304 message:  Time response: 20 ms Request ID: [73602fc5-01f3-475b-8c57-b2e4f650c454]

Started GET /posts for :: ::ffff:127.0.0.1 at Sat Dec 23 2023 17:21:13 GMT-0300 (hora de verano de Chile)
  Parameters in body: [object Object]
Completed: 200 message:  Time response: 284 ms Request ID: [c59ddaeb-03b0-4925-be44-a8731a7ed43b]

Started POST /posts for :: ::ffff:127.0.0.1 at Sat Dec 23 2023 17:21:22 GMT-0300 (hora de verano de Chile)
  Parameters in body: [object Object]
Completed: 201 message:  Time response: 37 ms Request ID: [a4ebf40e-76ad-43b2-a95a-195b34d47fa2]

Started GET /posts for :: ::1 at Sat Dec 23 2023 17:21:58 GMT-0300 (hora de verano de Chile)
  Parameters in body: [object Object]
Completed: 200 message:  Time response: 721 ms Request ID: [349e1c91-ef74-47f3-b286-161c3e18e032]

Started GET /posts for :: ::1 at Sat Dec 23 2023 17:21:59 GMT-0300 (hora de verano de Chile)
  Parameters in body: [object Object]
Completed: 304 message:  Time response: 21 ms Request ID: [2b035424-b9d1-43c0-b372-aebd1880c8ec]

Started GET /posts for :: ::1 at Sat Dec 23 2023 17:24:17 GMT-0300 (hora de verano de Chile)
  Parameters in body: [object Object]
Completed: 304 message:  Time response: 1011 ms Request ID: [31c10b34-f60d-4f2b-abd7-c1744bec9f74]

Started GET /posts for :: ::1 at Sat Dec 23 2023 17:24:18 GMT-0300 (hora de verano de Chile)
  Parameters in body: [object Object]
Completed: 304 message:  Time response: 39 ms Request ID: [df04d598-abfb-4042-8883-7eea6c2e78a1]

Started POST /posts for :: ::1 at Sat Dec 23 2023 17:24:26 GMT-0300 (hora de verano de Chile)
  Parameters in body: [object Object]
Completed: 201 message:  Time response: 15 ms Request ID: [d9b0ec45-1b5a-433c-bb9f-b6f989794845]

Started GET /posts for :: ::1 at Sat Dec 23 2023 17:24:26 GMT-0300 (hora de verano de Chile)
  Parameters in body: [object Object]
Completed: 200 message:  Time response: 24 ms Request ID: [f070415e-f5f9-43e2-bae1-c4063be21202]

Started GET /postshhhfhfh for :: ::ffff:127.0.0.1 at Sat Dec 23 2023 17:53:34 GMT-0300 (hora de verano de Chile)
  Parameters in body: [object Object]
Started GET /postshhhfhfh for :: ::ffff:127.0.0.1 at Sat Dec 23 2023 17:53:38 GMT-0300 (hora de verano de Chile)
  Parameters in body: [object Object]
Started GET /postshhhfhfh for :: ::ffff:127.0.0.1 at Sat Dec 23 2023 17:53:46 GMT-0300 (hora de verano de Chile)
  Parameters in body: [object Object]
Started GET /postshhhfhfh for :: ::ffff:127.0.0.1 at Sat Dec 23 2023 17:53:48 GMT-0300 (hora de verano de Chile)
  Parameters in body: [object Object]
Started GET /postshhhfhfh for :: ::ffff:127.0.0.1 at Sat Dec 23 2023 17:53:52 GMT-0300 (hora de verano de Chile)
  Parameters in body: [object Object]
Started GET /posts for :: ::ffff:127.0.0.1 at Sat Dec 23 2023 17:54:00 GMT-0300 (hora de verano de Chile)
  Parameters in body: [object Object]
Started GET /posts for :: ::ffff:127.0.0.1 at Sat Dec 23 2023 17:54:02 GMT-0300 (hora de verano de Chile)
  Parameters in body: [object Object]
Completed: 200 message:  Time response: 1067 ms Request ID: [f17a314a-9998-47f6-98e9-292059583c57]

Started GET /posts/kjjhhh for :: ::ffff:127.0.0.1 at Sat Dec 23 2023 17:54:13 GMT-0300 (hora de verano de Chile)
  Parameters in body: [object Object]
Started GET /posts/kjjhhh for :: ::ffff:127.0.0.1 at Sat Dec 23 2023 17:55:56 GMT-0300 (hora de verano de Chile)
  Parameters in body: [object Object]
Started GET /posts for :: ::ffff:127.0.0.1 at Sat Dec 23 2023 17:57:22 GMT-0300 (hora de verano de Chile)
  Parameters in body: [object Object]
Completed: 200 message:  Time response: 1001 ms Request ID: [a704eaa5-dd09-446b-906b-0c5065a07cd4]

Started GET /posts/uuuu for :: ::ffff:127.0.0.1 at Sat Dec 23 2023 17:57:51 GMT-0300 (hora de verano de Chile)
  Parameters in body: [object Object]
Started GET /posts for :: ::ffff:127.0.0.1 at Sat Dec 23 2023 17:59:16 GMT-0300 (hora de verano de Chile)
  Parameters in body: [object Object]
Completed: 200 message:  Time response: 620 ms Request ID: [3e835c9b-34bb-46bf-ba1f-4512a751405e]

Started GET /posts/hghghg for :: ::ffff:127.0.0.1 at Sat Dec 23 2023 17:59:26 GMT-0300 (hora de verano de Chile)
  Parameters in body: [object Object]
Started POST /posts for :: ::1 at Sat Dec 23 2023 18:25:10 GMT-0300 (hora de verano de Chile)
  Parameters in body: [object Object]
Completed: 400 message:  Time response: 130 ms Request ID: [450b0bc4-efe0-4fb6-89f8-428c63fa4fde]

Started POST /posts for :: ::1 at Sat Dec 23 2023 18:27:36 GMT-0300 (hora de verano de Chile)
  Parameters in body: [object Object]
Completed: 400 message:  Time response: 8 ms Request ID: [6acdb571-e408-4bc0-805f-bb4f253f69e5]

Started POST /posts for :: ::1 at Sat Dec 23 2023 18:27:53 GMT-0300 (hora de verano de Chile)
  Parameters in body: [object Object]
Completed: 201 message:  Time response: 311 ms Request ID: [358ce5df-56a1-427b-9d23-ba01dc663a3c]

Started GET /posts for :: ::1 at Sat Dec 23 2023 18:27:54 GMT-0300 (hora de verano de Chile)
  Parameters in body: [object Object]
Completed: 200 message:  Time response: 14 ms Request ID: [05382306-d9d6-4d1f-8a44-57400f429ee2]

Started GET /posts for :: ::ffff:127.0.0.1 at Sat Dec 23 2023 18:28:42 GMT-0300 (hora de verano de Chile)
  Parameters in body: [object Object]
Completed: 200 message:  Time response: 247 ms Request ID: [12c848a7-3943-4764-b455-75b97806b3f7]

Started POST /posts for :: ::ffff:127.0.0.1 at Sat Dec 23 2023 18:29:27 GMT-0300 (hora de verano de Chile)
  Parameters in body: [object Object]
Completed: 400 message:  Time response: 16 ms Request ID: [71fc558e-195d-4175-ae0d-71e3a7b43557]

Started POST /posts for :: ::ffff:127.0.0.1 at Sat Dec 23 2023 18:31:33 GMT-0300 (hora de verano de Chile)
  Parameters in body: [object Object]
Completed: 400 message:  Time response: 131 ms Request ID: [e0799125-459b-4c73-a2f0-26eb21e15cd5]

Started POST /posts for :: ::1 at Sat Dec 23 2023 18:31:52 GMT-0300 (hora de verano de Chile)
  Parameters in body: [object Object]
Completed: 400 message:  Time response: 8 ms Request ID: [a77d0aee-16e8-4ae0-8aa7-e03ceb76a7d3]

Started POST /posts for :: ::1 at Sat Dec 23 2023 18:33:17 GMT-0300 (hora de verano de Chile)
  Parameters in body: [object Object]
Completed: 400 message:  Time response: 101 ms Request ID: [8ec7dc22-1b62-4205-aaad-4b7fdd31606e]

Started POST /posts for :: ::ffff:127.0.0.1 at Sat Dec 23 2023 18:33:39 GMT-0300 (hora de verano de Chile)
  Parameters in body: [object Object]
Completed: 400 message:  Time response: 15 ms Request ID: [b69b4016-50ad-4e3f-a62c-2510d3a6d2f5]

Started GET /posts for :: ::1 at Sat Dec 23 2023 18:35:38 GMT-0300 (hora de verano de Chile)
  Parameters in body: [object Object]
Completed: 304 message:  Time response: 800 ms Request ID: [ff77a6b4-7fa0-47d1-82e7-5acbf774a63f]

Started GET /posts for :: ::1 at Sat Dec 23 2023 18:35:39 GMT-0300 (hora de verano de Chile)
  Parameters in body: [object Object]
Completed: 304 message:  Time response: 16 ms Request ID: [316bda4a-e245-4ea1-bd47-6f4be514015d]

Started POST /posts for :: ::1 at Sat Dec 23 2023 18:35:43 GMT-0300 (hora de verano de Chile)
  Parameters in body: [object Object]
Completed: 400 message:  Time response: 95 ms Request ID: [4decbf02-0e46-4434-9df7-ce794609edac]

Started POST /posts for :: ::1 at Sat Dec 23 2023 18:36:04 GMT-0300 (hora de verano de Chile)
  Parameters in body: [object Object]
Completed: 400 message:  Time response: 17 ms Request ID: [4cc11d08-22f4-4554-989f-fceda5dfb650]

Started POST /posts for :: ::ffff:127.0.0.1 at Sat Dec 23 2023 18:37:00 GMT-0300 (hora de verano de Chile)
  Parameters in body: [object Object]
Completed: 400 message:  Time response: 113 ms Request ID: [1b7ee813-44c0-4f81-ab26-b7d797b80d83]

Started POST /posts for :: ::ffff:127.0.0.1 at Sat Dec 23 2023 18:37:14 GMT-0300 (hora de verano de Chile)
  Parameters in body: [object Object]
Completed: 201 message:  Time response: 666 ms Request ID: [3d8cf4d4-cf6e-46d0-a0b1-30400e2f8ec7]

Started POST /posts for :: ::ffff:127.0.0.1 at Sat Dec 23 2023 18:38:27 GMT-0300 (hora de verano de Chile)
  Parameters in body: [object Object]
Completed: 400 message:  Time response: 19 ms Request ID: [cc9352fe-a4ab-433b-bbc2-ed8520d73b47]

Started POST /posts for :: ::1 at Sat Dec 23 2023 18:39:18 GMT-0300 (hora de verano de Chile)
  Parameters in body: [object Object]
Completed: 400 message:  Time response: 12 ms Request ID: [e62f71eb-e037-46ba-bf0a-cdd362322b90]

Started POST /posts for :: ::1 at Sat Dec 23 2023 18:39:37 GMT-0300 (hora de verano de Chile)
  Parameters in body: [object Object]
Completed: 400 message:  Time response: 5 ms Request ID: [1e32c10e-cfaf-4331-828f-dab7c01d1eeb]
